make all --print-data-base --no-builtin-variables --no-builtin-rules --question
# GNU Make 4.1
# Built for x86_64-pc-linux-gnu
# Copyright (C) 1988-2014 Free Software Foundation, Inc.
# License GPLv3+: GNU GPL version 3 or later <http://gnu.org/licenses/gpl.html>
# This is free software: you are free to change and redistribute it.
# There is NO WARRANTY, to the extent permitted by law.

# Make data base, printed on Tue Jan  4 23:01:05 2022

# Variables

# makefile (from 'makefile', line 28)
OBJ_DFLOW = dflow_calc.o
# automatic
<D = $(patsubst %/,%,$(dir $<))
# automatic
?F = $(notdir $?)
# makefile (from 'makefile', line 27)
OBJ_GIVEN = $(patsubst %.c,%.o,$(SRC_GIVEN))
# default
.SHELLFLAGS := -c
# makefile (from 'makefile', line 29)
OBJ = $(OBJ_GIVEN) $(OBJ_DFLOW)
# environment
VSCODE_AGENT_FOLDER = /home/compm/.vscode-server
# environment
VSCODE_LOG_NATIVE = false
# automatic
?D = $(patsubst %/,%,$(dir $?))
# automatic
@D = $(patsubst %/,%,$(dir $@))
# automatic
@F = $(notdir $@)
# default
MAKE_VERSION := 4.1
# makefile
CURDIR := /home/compm/COMPM_HW3
# makefile
SHELL = /bin/sh
# environment
VSCODE_NLS_CONFIG = {"locale":"en","availableLanguages":{}}
# environment
_ = /home/compm/.vscode-server/bin/899d46d82c4c95423fb7e10e68eba52050e30ba3/node
# makefile (from 'makefile', line 17)
CFLAGS = -std=c99 -Wall -O2
# makefile (from 'makefile', line 1)
MAKEFILE_LIST :=  makefile
# 'override' directive
GNUMAKEFLAGS := 
# makefile (from 'makefile', line 18)
CXXFLAGS = -std=c++11 -Wall -O2
# environment
MAKELEVEL := 0
# environment
XDG_DATA_DIRS = /usr/local/share:/usr/share:/var/lib/snapd/desktop
# environment
VSCODE_VERBOSE_LOGGING = true
# environment
LESSOPEN = | /usr/bin/lesspipe %s
# environment
LC_NAME = he_IL.UTF-8
# environment
VSCODE_CWD = /home/compm
# environment
SSH_CONNECTION = 192.168.111.1 52868 192.168.111.128 22
# environment
PATH = /home/compm/.vscode-server/bin/899d46d82c4c95423fb7e10e68eba52050e30ba3/bin:/home/compm/bin:/home/compm/.local/bin:/home/compm/.vscode-server/bin/899d46d82c4c95423fb7e10e68eba52050e30ba3/bin:/usr/local/sbin:/usr/local/bin:/usr/sbin:/usr/bin:/sbin:/bin:/usr/games:/usr/local/games:/snap/bin
# environment
XDG_RUNTIME_DIR = /run/user/1000
# environment
VSCODE_LOG_STACK = false
# environment
LC_NUMERIC = he_IL.UTF-8
# default
.FEATURES := target-specific order-only second-expansion else-if shortest-stem undefine oneshell archives jobserver output-sync check-symlink load
# environment
LS_COLORS = 
# automatic
%F = $(notdir $%)
# environment
VSCODE_PIPE_LOGGING = true
# environment
PWD = /home/compm/COMPM_HW3
# environment
QT_QPA_PLATFORMTHEME = appmenu-qt5
# environment
VSCODE_IPC_HOOK_CLI = /run/user/1000/vscode-ipc-ce560d9a-cdd2-4efe-be78-0f2c919a1a03.sock
# automatic
*D = $(patsubst %/,%,$(dir $*))
# environment
VSCODE_AMD_ENTRYPOINT = vs/server/remoteExtensionHostProcess
# environment
HOME = /home/compm
# environment
LESSCLOSE = /usr/bin/lesspipe %s %s
# makefile (from 'makefile', line 25)
EXTRA_DEPS = dflow_calc.h
# environment
LOGNAME = compm
# environment
APPLICATION_INSIGHTS_NO_DIAGNOSTIC_CHANNEL = true
# automatic
+F = $(notdir $+)
# environment
VSCODE_HANDLES_UNCAUGHT_ERRORS = true
# automatic
^D = $(patsubst %/,%,$(dir $^))
# environment
LC_TIME = he_IL.UTF-8
# default
MAKE = $(MAKE_COMMAND)
# default
MAKECMDGOALS := all
# environment
SHLVL = 3
# makefile (from 'makefile', line 7)
CC = gcc
# environment
XDG_SESSION_ID = 1
# environment
USER = compm
# environment
LC_MONETARY = he_IL.UTF-8
# makefile
.DEFAULT_GOAL := all
# automatic
%D = $(patsubst %/,%,$(dir $%))
# environment
LC_TELEPHONE = he_IL.UTF-8
# makefile (from 'makefile', line 23)
SRC_DFLOW = $(wildcard dflow_calc.c dflow_calc.cpp)
# makefile (from 'makefile', line 24)
SRC_GIVEN = dflow_main.c
# default
MAKE_COMMAND := make
# default
.VARIABLES := 
# automatic
*F = $(notdir $*)
# makefile
MAKEFLAGS = pqrR
# environment
MFLAGS = -pqrR
# environment
SSH_CLIENT = 192.168.111.1 52868 22
# environment
MAIL = /var/mail/compm
# automatic
+D = $(patsubst %/,%,$(dir $+))
# environment
BROWSER = /home/compm/.vscode-server/bin/899d46d82c4c95423fb7e10e68eba52050e30ba3/bin/helpers/browser.sh
# environment
LC_IDENTIFICATION = he_IL.UTF-8
# default
MAKEFILES := 
# automatic
<F = $(notdir $<)
# automatic
^F = $(notdir $^)
# makefile (from 'makefile', line 10)
CXX = g++
# environment
LC_MEASUREMENT = he_IL.UTF-8
# environment
LC_ALL = C
# environment
LC_PAPER = he_IL.UTF-8
# default
SUFFIXES := 
# default
.INCLUDE_DIRS = /usr/include /usr/local/include /usr/include
# environment
VSCODE_INJECT_NODE_MODULE_LOOKUP_PATH = /home/compm/.vscode-server/bin/899d46d82c4c95423fb7e10e68eba52050e30ba3/remote/node_modules
# default
.RECIPEPREFIX := 
# environment
LC_ADDRESS = he_IL.UTF-8
# default
MAKE_HOST := x86_64-pc-linux-gnu
# environment
LANG = C
# environment
VSCODE_EXTHOST_WILL_SEND_SOCKET = true
# variable set hash-table stats:
# Load=86/1024=8%, Rehash=0, Collisions=15/131=11%

# Pattern-specific Variable Values

# No pattern-specific variable values.

# Directories

# . (device 2049, inode 24292): 11 files, no impossibilities.

# 11 files, no impossibilities in 1 directories.

# Implicit Rules

# No implicit rules.

# Files

dflow_calc: dflow_main.o dflow_calc.o
#  Implicit rule search has not been done.
#  Implicit/static pattern stem: ''
#  File does not exist.
#  File has been updated.
#  Needs to be updated (-q is set).
# automatic
# @ := dflow_calc
# automatic
# % := 
# automatic
# * := 
# automatic
# + := dflow_main.o dflow_calc.o
# automatic
# | := 
# automatic
# < := dflow_main.o
# automatic
# ^ := dflow_main.o dflow_calc.o
# automatic
# ? := dflow_main.o dflow_calc.o
# variable set hash-table stats:
# Load=8/32=25%, Rehash=0, Collisions=4/17=24%
#  recipe to execute (from 'makefile', line 43):
	$(CXX) -o $@ $(OBJ)

dflow_calc.o: dflow_calc.cpp dflow_calc.h
#  Implicit rule search has not been done.
#  Last modified 2022-01-04 23:00:55.262950897
#  File has been updated.
#  Successfully updated.
#  recipe to execute (from 'makefile', line 46):
	$(CXX) -c $(CXXFLAGS) -o $@ $<

all: dflow_calc
#  Command line target.
#  Implicit rule search has been done.
#  File does not exist.
#  File has been updated.
#  Needs to be updated (-q is set).
# variable set hash-table stats:
# Load=0/32=0%, Rehash=0, Collisions=0/8=0%

.PHONY: clean
#  Implicit rule search has not been done.
#  Modification time never checked.
#  File has not been updated.

# Not a target:
.SUFFIXES:
#  Implicit rule search has not been done.
#  Modification time never checked.
#  File has not been updated.

# Not a target:
dflow_main.c:
#  Implicit rule search has been done.
#  Last modified 2022-01-04 23:00:55.262950897
#  File has been updated.
#  Successfully updated.

# Not a target:
makefile:
#  Implicit rule search has been done.
#  Last modified 2022-01-04 23:00:55.262950897
#  File has been updated.
#  Successfully updated.

# Not a target:
dflow_calc.h:
#  Implicit rule search has been done.
#  Last modified 2022-01-04 23:00:55.258950885
#  File has been updated.
#  Successfully updated.

# Not a target:
 
dflow_calc.cpp:
#  Implicit rule search has been done.
#  Last modified 2022-01-04 23:00:55.258950885
#  File has been updated.
#  Successfully updated.

# Not a target:
.DEFAULT:
#  Implicit rule search has not been done.
#  Modification time never checked.
#  File has not been updated.

clean:
#  Phony target (prerequisite of .PHONY).
#  Implicit rule search has not been done.
#  File does not exist.
#  File has not been updated.
#  recipe to execute (from 'makefile', line 55):
	rm -f dflow_calc $(OBJ)

dflow_main.o: dflow_main.c dflow_calc.h
#  Implicit rule search has not been done.
#  Implicit/static pattern stem: 'dflow_main'
#  Last modified 2022-01-04 23:00:55.262950897
#  File has been updated.
#  Successfully updated.
#  recipe to execute (from 'makefile', line 50):
	$(CC) -c $(CFLAGS) -o $@ $<

# files hash-table stats:
# Load=12/1024=1%, Rehash=0, Collisions=0/36=0%
# VPATH Search Paths

# No 'vpath' search paths.

# No general ('VPATH' variable) search path.

# strcache buffers: 1 (0) / strings = 22 / storage = 201 B / avg = 9 B
# current buf: size = 8162 B / used = 201 B / count = 22 / avg = 9 B

# strcache performance: lookups = 44 / hit rate = 50%
# hash-table stats:
# Load=22/8192=0%, Rehash=0, Collisions=1/44=2%
# Finished Make data base on Tue Jan  4 23:01:05 2022

 
